Line 17: Class Project1.MorphDisplay of control MorphLCD2 was not a loaded control class.
Line 43: Class Project1.MorphDisplay of control MorphLCD4 was not a loaded control class.
Line 74: Class Project1.MorphDisplay of control MorphLCD10 was not a loaded control class.
Line 97: Class Project1.MorphDisplay of control MorphLCD5 was not a loaded control class.
Line 120: Class Project1.MorphDisplay of control MorphLCD6 was not a loaded control class.
Line 142: Class Project1.MorphDisplay of control MorphLCD3 was not a loaded control class.
Line 173: Class Project1.MorphDisplay of control MorphLCD1 was not a loaded control class.
Line 194: Class Project1.MorphDisplay of control MorphLCD1 was not a loaded control class.
Line 218: Class Project1.MorphDisplay of control MorphLCD1 was not a loaded control class.
Line 242: Class Project1.MorphDisplay of control MorphLCD1 was not a loaded control class.
Line 265: Class Project1.MorphDisplay of control MorphLCD1 was not a loaded control class.
Line 291: Class Project1.MorphDisplay of control MorphDisplay1 was not a loaded control class.
Line 23: The property name _ExtentX in MorphLCD2 is invalid.
Line 24: The property name _ExtentY in MorphLCD2 is invalid.
Line 25: The property name BurnInColor in MorphLCD2 is invalid.
Line 26: The property name InterDigitGap in MorphLCD2 is invalid.
Line 27: The property name InterDigitGapExp in MorphLCD2 is invalid.
Line 28: The property name InterSegmentGap in MorphLCD2 is invalid.
Line 29: The property name InterSegmentGapExp in MorphLCD2 is invalid.
Line 30: The property name NumDigits in MorphLCD2 is invalid.
Line 31: The property name NumDigitsExp in MorphLCD2 is invalid.
Line 32: The property name SegmentHeight in MorphLCD2 is invalid.
Line 33: The property name SegmentHeightExp in MorphLCD2 is invalid.
Line 34: The property name SegmentStyle in MorphLCD2 is invalid.
Line 35: The property name SegmentStyleExp in MorphLCD2 is invalid.
Line 36: The property name SegmentWidth in MorphLCD2 is invalid.
Line 37: The property name SegmentWidthExp in MorphLCD2 is invalid.
Line 38: The property name XOffset in MorphLCD2 is invalid.
Line 39: The property name XOffsetExp in MorphLCD2 is invalid.
Line 40: The property name YOffset in MorphLCD2 is invalid.
Line 41: The property name YOffsetExp in MorphLCD2 is invalid.
Line 49: The property name _ExtentX in MorphLCD4 is invalid.
Line 50: The property name _ExtentY in MorphLCD4 is invalid.
Line 51: The property name BackColor1 in MorphLCD4 is invalid.
Line 52: The property name BackColor2 in MorphLCD4 is invalid.
Line 53: The property name BorderColor in MorphLCD4 is invalid.
Line 54: The property name BurnInColor in MorphLCD4 is invalid.
Line 55: The property name BurnInColorNeg in MorphLCD4 is invalid.
Line 56: The property name InterDigitGap in MorphLCD4 is invalid.
Line 57: The property name InterSegmentGap in MorphLCD4 is invalid.
Line 58: The property name InterSegmentGapExp in MorphLCD4 is invalid.
Line 59: The property name NumDigits in MorphLCD4 is invalid.
Line 60: The property name NumDigitsExp in MorphLCD4 is invalid.
Line 61: The property name SegmentHeight in MorphLCD4 is invalid.
Line 62: The property name SegmentHeightExp in MorphLCD4 is invalid.
Line 63: The property name SegmentLitColor in MorphLCD4 is invalid.
Line 64: The property name SegmentLitColorNeg in MorphLCD4 is invalid.
Line 65: The property name SegmentStyle in MorphLCD4 is invalid.
Line 66: The property name SegmentStyleExp in MorphLCD4 is invalid.
Line 67: The property name SegmentWidth in MorphLCD4 is invalid.
Line 68: The property name SegmentWidthExp in MorphLCD4 is invalid.
Line 69: The property name ShowBurnIn in MorphLCD4 is invalid.
Line 70: The property name XOffsetExp in MorphLCD4 is invalid.
Line 71: The property name YOffset in MorphLCD4 is invalid.
Line 72: The property name YOffsetExp in MorphLCD4 is invalid.
Line 80: The property name _ExtentX in MorphLCD10 is invalid.
Line 81: The property name _ExtentY in MorphLCD10 is invalid.
Line 82: The property name BurnInColor in MorphLCD10 is invalid.
Line 83: The property name BurnInColorNeg in MorphLCD10 is invalid.
Line 84: The property name InterSegmentGap in MorphLCD10 is invalid.
Line 85: The property name NumDigits in MorphLCD10 is invalid.
Line 86: The property name NumDigitsExp in MorphLCD10 is invalid.
Line 87: The property name SegmentHeight in MorphLCD10 is invalid.
Line 88: The property name SegmentHeightExp in MorphLCD10 is invalid.
Line 89: The property name SegmentLitColor in MorphLCD10 is invalid.
Line 90: The property name SegmentLitColorNeg in MorphLCD10 is invalid.
Line 91: The property name SegmentStyle in MorphLCD10 is invalid.
Line 92: The property name SegmentWidth in MorphLCD10 is invalid.
Line 93: The property name SegmentWidthExp in MorphLCD10 is invalid.
Line 94: The property name XOffsetExp in MorphLCD10 is invalid.
Line 95: The property name YOffsetExp in MorphLCD10 is invalid.
Line 103: The property name _ExtentX in MorphLCD5 is invalid.
Line 104: The property name _ExtentY in MorphLCD5 is invalid.
Line 105: The property name BurnInColor in MorphLCD5 is invalid.
Line 106: The property name BurnInColorNeg in MorphLCD5 is invalid.
Line 107: The property name InterDigitGap in MorphLCD5 is invalid.
Line 108: The property name InterDigitGapExp in MorphLCD5 is invalid.
Line 109: The property name NumDigits in MorphLCD5 is invalid.
Line 110: The property name NumDigitsExp in MorphLCD5 is invalid.
Line 111: The property name SegmentHeight in MorphLCD5 is invalid.
Line 112: The property name SegmentHeightExp in MorphLCD5 is invalid.
Line 113: The property name SegmentLitColor in MorphLCD5 is invalid.
Line 114: The property name SegmentLitColorNeg in MorphLCD5 is invalid.
Line 115: The property name SegmentWidth in MorphLCD5 is invalid.
Line 116: The property name SegmentWidthExp in MorphLCD5 is invalid.
Line 117: The property name Theme in MorphLCD5 is invalid.
Line 118: The property name XOffsetExp in MorphLCD5 is invalid.
Line 126: The property name _ExtentX in MorphLCD6 is invalid.
Line 127: The property name _ExtentY in MorphLCD6 is invalid.
Line 128: The property name BorderColor in MorphLCD6 is invalid.
Line 129: The property name BurnInColor in MorphLCD6 is invalid.
Line 130: The property name BurnInColorNeg in MorphLCD6 is invalid.
Line 131: The property name NumDigits in MorphLCD6 is invalid.
Line 132: The property name NumDigitsExp in MorphLCD6 is invalid.
Line 133: The property name SegmentHeight in MorphLCD6 is invalid.
Line 134: The property name SegmentHeightExp in MorphLCD6 is invalid.
Line 135: The property name SegmentLitColor in MorphLCD6 is invalid.
Line 136: The property name SegmentLitColorNeg in MorphLCD6 is invalid.
Line 137: The property name SegmentWidth in MorphLCD6 is invalid.
Line 138: The property name XOffsetExp in MorphLCD6 is invalid.
Line 139: The property name YOffset in MorphLCD6 is invalid.
Line 140: The property name YOffsetExp in MorphLCD6 is invalid.
Line 148: The property name _ExtentX in MorphLCD3 is invalid.
Line 149: The property name _ExtentY in MorphLCD3 is invalid.
Line 150: The property name BorderColor in MorphLCD3 is invalid.
Line 151: The property name BurnInColor in MorphLCD3 is invalid.
Line 152: The property name InterDigitGap in MorphLCD3 is invalid.
Line 153: The property name InterDigitGapExp in MorphLCD3 is invalid.
Line 154: The property name InterSegmentGap in MorphLCD3 is invalid.
Line 155: The property name InterSegmentGapExp in MorphLCD3 is invalid.
Line 156: The property name NumDigits in MorphLCD3 is invalid.
Line 157: The property name NumDigitsExp in MorphLCD3 is invalid.
Line 159: The property name PictureMode in MorphLCD3 is invalid.
Line 160: The property name SegmentFillStyle in MorphLCD3 is invalid.
Line 161: The property name SegmentHeight in MorphLCD3 is invalid.
Line 162: The property name SegmentHeightExp in MorphLCD3 is invalid.
Line 163: The property name SegmentStyle in MorphLCD3 is invalid.
Line 164: The property name SegmentStyleExp in MorphLCD3 is invalid.
Line 165: The property name SegmentWidth in MorphLCD3 is invalid.
Line 166: The property name SegmentWidthExp in MorphLCD3 is invalid.
Line 167: The property name ShowBurnIn in MorphLCD3 is invalid.
Line 168: The property name XOffset in MorphLCD3 is invalid.
Line 169: The property name XOffsetExp in MorphLCD3 is invalid.
Line 170: The property name YOffset in MorphLCD3 is invalid.
Line 171: The property name YOffsetExp in MorphLCD3 is invalid.
Line 142: Property Picture in MorphLCD3 could not be set.
Line 180: The property name _ExtentX in MorphLCD1 is invalid.
Line 181: The property name _ExtentY in MorphLCD1 is invalid.
Line 182: The property name BurnInColor in MorphLCD1 is invalid.
Line 183: The property name BurnInColorNeg in MorphLCD1 is invalid.
Line 184: The property name SegmentHeightExp in MorphLCD1 is invalid.
Line 185: The property name SegmentLitColor in MorphLCD1 is invalid.
Line 186: The property name SegmentLitColorNeg in MorphLCD1 is invalid.
Line 187: The property name SegmentStyle in MorphLCD1 is invalid.
Line 188: The property name SegmentWidth in MorphLCD1 is invalid.
Line 189: The property name ShowExponent in MorphLCD1 is invalid.
Line 190: The property name Theme in MorphLCD1 is invalid.
Line 191: The property name Value in MorphLCD1 is invalid.
Line 192: The property name XOffsetExp in MorphLCD1 is invalid.
Line 201: The property name _ExtentX in MorphLCD1 is invalid.
Line 202: The property name _ExtentY in MorphLCD1 is invalid.
Line 203: The property name BackColor1 in MorphLCD1 is invalid.
Line 204: The property name BackColor2 in MorphLCD1 is invalid.
Line 205: The property name BurnInColor in MorphLCD1 is invalid.
Line 206: The property name BurnInColorNeg in MorphLCD1 is invalid.
Line 207: The property name InterDigitGap in MorphLCD1 is invalid.
Line 208: The property name InterSegmentGap in MorphLCD1 is invalid.
Line 209: The property name SegmentHeight in MorphLCD1 is invalid.
Line 210: The property name SegmentLitColor in MorphLCD1 is invalid.
Line 211: The property name SegmentLitColorNeg in MorphLCD1 is invalid.
Line 212: The property name SegmentStyle in MorphLCD1 is invalid.
Line 213: The property name SegmentWidth in MorphLCD1 is invalid.
Line 214: The property name Theme in MorphLCD1 is invalid.
Line 215: The property name Value in MorphLCD1 is invalid.
Line 216: The property name XOffsetExp in MorphLCD1 is invalid.
Line 225: The property name _ExtentX in MorphLCD1 is invalid.
Line 226: The property name _ExtentY in MorphLCD1 is invalid.
Line 227: The property name BurnInColor in MorphLCD1 is invalid.
Line 228: The property name BurnInColorNeg in MorphLCD1 is invalid.
Line 229: The property name InterSegmentGap in MorphLCD1 is invalid.
Line 230: The property name SegmentHeight in MorphLCD1 is invalid.
Line 231: The property name SegmentHeightExp in MorphLCD1 is invalid.
Line 232: The property name SegmentLitColor in MorphLCD1 is invalid.
Line 233: The property name SegmentLitColorNeg in MorphLCD1 is invalid.
Line 234: The property name SegmentStyle in MorphLCD1 is invalid.
Line 235: The property name SegmentWidth in MorphLCD1 is invalid.
Line 236: The property name SegmentWidthExp in MorphLCD1 is invalid.
Line 237: The property name ShowThousandsSeparator in MorphLCD1 is invalid.
Line 238: The property name Theme in MorphLCD1 is invalid.
Line 239: The property name Value in MorphLCD1 is invalid.
Line 240: The property name XOffsetExp in MorphLCD1 is invalid.
Line 249: The property name _ExtentX in MorphLCD1 is invalid.
Line 250: The property name _ExtentY in MorphLCD1 is invalid.
Line 251: The property name BurnInColor in MorphLCD1 is invalid.
Line 252: The property name BurnInColorNeg in MorphLCD1 is invalid.
Line 253: The property name InterDigitGap in MorphLCD1 is invalid.
Line 254: The property name InterDigitGapExp in MorphLCD1 is invalid.
Line 255: The property name SegmentHeight in MorphLCD1 is invalid.
Line 256: The property name SegmentHeightExp in MorphLCD1 is invalid.
Line 257: The property name SegmentLitColor in MorphLCD1 is invalid.
Line 258: The property name SegmentLitColorNeg in MorphLCD1 is invalid.
Line 259: The property name SegmentWidth in MorphLCD1 is invalid.
Line 260: The property name SegmentWidthExp in MorphLCD1 is invalid.
Line 261: The property name Theme in MorphLCD1 is invalid.
Line 262: The property name Value in MorphLCD1 is invalid.
Line 263: The property name XOffsetExp in MorphLCD1 is invalid.
Line 272: The property name _ExtentX in MorphLCD1 is invalid.
Line 273: The property name _ExtentY in MorphLCD1 is invalid.
Line 274: The property name BackColor1 in MorphLCD1 is invalid.
Line 275: The property name BackColor2 in MorphLCD1 is invalid.
Line 276: The property name BorderColor in MorphLCD1 is invalid.
Line 277: The property name BurnInColor in MorphLCD1 is invalid.
Line 278: The property name BurnInColorNeg in MorphLCD1 is invalid.
Line 279: The property name InterSegmentGap in MorphLCD1 is invalid.
Line 280: The property name SegmentHeight in MorphLCD1 is invalid.
Line 281: The property name SegmentHeightExp in MorphLCD1 is invalid.
Line 282: The property name SegmentLitColor in MorphLCD1 is invalid.
Line 283: The property name SegmentStyle in MorphLCD1 is invalid.
Line 284: The property name SegmentWidth in MorphLCD1 is invalid.
Line 285: The property name SegmentWidthExp in MorphLCD1 is invalid.
Line 286: The property name ShowBurnIn in MorphLCD1 is invalid.
Line 287: The property name Theme in MorphLCD1 is invalid.
Line 288: The property name Value in MorphLCD1 is invalid.
Line 289: The property name XOffsetExp in MorphLCD1 is invalid.
Line 297: The property name _ExtentX in MorphDisplay1 is invalid.
Line 298: The property name _ExtentY in MorphDisplay1 is invalid.
Line 299: The property name ShowThousandsSeparator in MorphDisplay1 is invalid.
Line 300: The property name Value in MorphDisplay1 is invalid.
Line 301: The property name YOffset in MorphDisplay1 is invalid.
Line 302: The property name YOffsetExp in MorphDisplay1 is invalid.
